[20-02-2025 07:46:26] Eine Datei ist bereit zum hochladen.
[20-02-2025 07:46:26] Ein Dateityp ist nicht erlaubt.
[20-02-2025 07:47:10] Eine Datei ist bereit zum hochladen.
[20-02-2025 07:47:10] Ein Dateityp ist nicht erlaubt.
[20-02-2025 07:49:38] Eine Datei ist bereit zum hochladen.
[20-02-2025 07:49:38] Ein Dateityp ist nicht erlaubt.
[20-02-2025 07:50:21] Eine Datei ist bereit zum hochladen.
[20-02-2025 07:50:21] Ein Dateityp ist nicht erlaubt.
[20-02-2025 07:50:21] Nur JSON und XML-Dateien sind erlaubt.
[20-02-2025 07:51:27] Eine Datei ist bereit zum hochladen.
[20-02-2025 07:51:27] Nur JSON und XML-Dateien sind erlaubt.
[20-02-2025 07:52:56] Eine Datei ist bereit zum hochladen.
[20-02-2025 12:01:06] Das Passwort muss mindestens 8 Zeichen lang sein.
[20-02-2025 12:01:06] Das Passwort muss mindestens eine Zahl enthalten.
[20-02-2025 12:01:06] Das Passwort muss mindestens ein Sonderzeichen enthalten.
[20-02-2025 12:01:06] Das Passwort muss mindestens 8 Zeichen lang sein.
[20-02-2025 12:01:06] Das Passwort muss mindestens eine Zahl enthalten.
[20-02-2025 12:01:06] Das Passwort muss mindestens ein Sonderzeichen enthalten.
[20-02-2025 12:12:56] Das Passwort muss mindestens 8 Zeichen lang sein.
[20-02-2025 12:12:56] Das Passwort muss mindestens eine Zahl enthalten.
[20-02-2025 12:12:56] Das Passwort muss mindestens ein Sonderzeichen enthalten.
[20-02-2025 12:12:56] Das Passwort muss mindestens 8 Zeichen lang sein.
[20-02-2025 12:12:56] Das Passwort muss mindestens eine Zahl enthalten.
[20-02-2025 12:12:56] Das Passwort muss mindestens ein Sonderzeichen enthalten.
[20-02-2025 12:53:05] Das Passwort muss mindestens 8 Zeichen lang sein.
[20-02-2025 12:53:05] Das Passwort muss mindestens eine Zahl enthalten.
[20-02-2025 12:53:05] Das Passwort muss mindestens ein Sonderzeichen enthalten.
[20-02-2025 12:53:05] Das Passwort muss mindestens 8 Zeichen lang sein.
[20-02-2025 12:53:05] Das Passwort muss mindestens eine Zahl enthalten.
[20-02-2025 12:53:05] Das Passwort muss mindestens ein Sonderzeichen enthalten.
[20-02-2025 12:56:08] Das Passwort muss mindestens 8 Zeichen lang sein.
[20-02-2025 12:56:08] Das Passwort muss mindestens eine Zahl enthalten.
[20-02-2025 12:56:08] Das Passwort muss mindestens ein Sonderzeichen enthalten.
[20-02-2025 12:56:08] Das Passwort muss mindestens 8 Zeichen lang sein.
[20-02-2025 12:56:08] Das Passwort muss mindestens eine Zahl enthalten.
[20-02-2025 12:56:08] Das Passwort muss mindestens ein Sonderzeichen enthalten.
[20-02-2025 13:00:12] Das Passwort muss mindestens 8 Zeichen lang sein.
[20-02-2025 13:00:12] Das Passwort muss mindestens eine Zahl enthalten.
[20-02-2025 13:00:12] Das Passwort muss mindestens ein Sonderzeichen enthalten.
[20-02-2025 13:00:12] Das Passwort muss mindestens 8 Zeichen lang sein.
[20-02-2025 13:00:12] Das Passwort muss mindestens eine Zahl enthalten.
[20-02-2025 13:00:12] Das Passwort muss mindestens ein Sonderzeichen enthalten.
[20-02-2025 13:19:40] Das Passwort muss mindestens 8 Zeichen lang sein.
[20-02-2025 13:19:40] Das Passwort muss mindestens eine Zahl enthalten.
[20-02-2025 13:19:40] Das Passwort muss mindestens ein Sonderzeichen enthalten.
[20-02-2025 13:19:40] Das Passwort muss mindestens 8 Zeichen lang sein.
[20-02-2025 13:19:40] Das Passwort muss mindestens eine Zahl enthalten.
[20-02-2025 13:19:40] Das Passwort muss mindestens ein Sonderzeichen enthalten.
[20-02-2025 13:26:07] Das Passwort muss mindestens 8 Zeichen lang sein.
[20-02-2025 13:26:07] Das Passwort muss mindestens eine Zahl enthalten.
[20-02-2025 13:26:07] Das Passwort muss mindestens ein Sonderzeichen enthalten.
[20-02-2025 13:26:07] Das Passwort muss mindestens 8 Zeichen lang sein.
[20-02-2025 13:26:07] Das Passwort muss mindestens eine Zahl enthalten.
[20-02-2025 13:26:07] Das Passwort muss mindestens ein Sonderzeichen enthalten.
[20-02-2025 13:28:41] Das Passwort muss mindestens 8 Zeichen lang sein.
[20-02-2025 13:28:41] Das Passwort muss mindestens eine Zahl enthalten.
[20-02-2025 13:28:41] Das Passwort muss mindestens ein Sonderzeichen enthalten.
[20-02-2025 13:28:41] Das Passwort muss mindestens 8 Zeichen lang sein.
[20-02-2025 13:28:41] Das Passwort muss mindestens eine Zahl enthalten.
[20-02-2025 13:28:41] Das Passwort muss mindestens ein Sonderzeichen enthalten.
[20-02-2025 13:29:45] Das Passwort muss mindestens 8 Zeichen lang sein.
[20-02-2025 13:29:45] Das Passwort muss mindestens eine Zahl enthalten.
[20-02-2025 13:29:45] Das Passwort muss mindestens 8 Zeichen lang sein.
[20-02-2025 13:29:45] Das Passwort muss mindestens eine Zahl enthalten.
[20-02-2025 13:30:48] Das Passwort muss mindestens 8 Zeichen lang sein.
[20-02-2025 13:30:48] Das Passwort muss mindestens eine Zahl enthalten.
[20-02-2025 13:30:48] Das Passwort muss mindestens ein Sonderzeichen enthalten.
[20-02-2025 13:30:48] Das Passwort muss mindestens 8 Zeichen lang sein.
[20-02-2025 13:30:48] Das Passwort muss mindestens eine Zahl enthalten.
[20-02-2025 13:30:48] Das Passwort muss mindestens ein Sonderzeichen enthalten.
[20-02-2025 13:34:15] Das Passwort muss mindestens 8 Zeichen lang sein.
[20-02-2025 13:34:15] Das Passwort muss mindestens eine Zahl enthalten.
[20-02-2025 13:34:15] Das Passwort muss mindestens ein Sonderzeichen enthalten.
[20-02-2025 13:34:15] Das Passwort muss mindestens 8 Zeichen lang sein.
[20-02-2025 13:34:15] Das Passwort muss mindestens eine Zahl enthalten.
[20-02-2025 13:34:15] Das Passwort muss mindestens ein Sonderzeichen enthalten.
[20-02-2025 13:34:51] Das Passwort muss mindestens 8 Zeichen lang sein.
[20-02-2025 13:34:51] Das Passwort muss mindestens eine Zahl enthalten.
[20-02-2025 13:34:51] Das Passwort muss mindestens 8 Zeichen lang sein.
[20-02-2025 13:34:51] Das Passwort muss mindestens eine Zahl enthalten.
[20-02-2025 13:35:48] Das Passwort muss mindestens 8 Zeichen lang sein.
[20-02-2025 13:35:48] Das Passwort muss mindestens eine Zahl enthalten.
[20-02-2025 13:35:48] Das Passwort muss mindestens ein Sonderzeichen enthalten.
[20-02-2025 13:35:48] Das Passwort muss mindestens 8 Zeichen lang sein.
[20-02-2025 13:35:48] Das Passwort muss mindestens eine Zahl enthalten.
[20-02-2025 13:35:48] Das Passwort muss mindestens ein Sonderzeichen enthalten.
[20-02-2025 13:47:43] Das Passwort muss mindestens 8 Zeichen lang sein., Validation::validirePasswort
[20-02-2025 13:47:43] Das Passwort muss mindestens eine Zahl enthalten., Validation::validirePasswort
[20-02-2025 13:47:43] Das Passwort muss mindestens ein Sonderzeichen enthalten., Validation::validirePasswort
[20-02-2025 13:47:43] Das Passwort muss mindestens 8 Zeichen lang sein., Validation::validirePasswort
[20-02-2025 13:47:43] Das Passwort muss mindestens eine Zahl enthalten., Validation::validirePasswort
[20-02-2025 13:47:43] Das Passwort muss mindestens ein Sonderzeichen enthalten., Validation::validirePasswort
[20-02-2025 13:47:43] Array, mvc\UserController::registrierung
[20-02-2025 13:47:43] Array, mvc\UserController::registrierung
[20-02-2025 13:47:43] Benutzername existiert bereits., mvc\UserController::registrierung
[20-02-2025 13:47:43] Email existiert bereits., mvc\UserController::registrierung
[20-02-2025 13:49:57] Das Passwort muss mindestens 8 Zeichen lang sein., Validation::validirePasswort
[20-02-2025 13:49:57] Das Passwort muss mindestens eine Zahl enthalten., Validation::validirePasswort
[20-02-2025 13:49:57] Das Passwort muss mindestens ein Sonderzeichen enthalten., Validation::validirePasswort
[20-02-2025 13:49:57] Das Passwort muss mindestens 8 Zeichen lang sein., Validation::validirePasswort
[20-02-2025 13:49:57] Das Passwort muss mindestens eine Zahl enthalten., Validation::validirePasswort
[20-02-2025 13:49:57] Das Passwort muss mindestens ein Sonderzeichen enthalten., Validation::validirePasswort
[20-02-2025 13:49:57] Array, mvc\UserController::registrierung
[20-02-2025 13:49:57] Array, mvc\UserController::registrierung
[20-02-2025 13:49:57] Benutzername existiert bereits., mvc\UserController::registrierung
[20-02-2025 13:49:57] Email existiert bereits., mvc\UserController::registrierung
